[debug] [2025-02-13T17:25:21.779Z] ----------------------------------------------------------------------
[debug] [2025-02-13T17:25:21.782Z] Command:       C:\Program Files\nodejs\node.exe C:\Users\dougl\AppData\Roaming\npm\node_modules\firebase-tools\lib\bin\firebase.js init
[debug] [2025-02-13T17:25:21.782Z] CLI Version:   13.31.0
[debug] [2025-02-13T17:25:21.782Z] Platform:      win32
[debug] [2025-02-13T17:25:21.782Z] Node Version:  v22.14.0
[debug] [2025-02-13T17:25:21.783Z] Time:          Thu Feb 13 2025 14:25:21 GMT-0300 (Horário Padrão de Brasília)
[debug] [2025-02-13T17:25:21.783Z] ----------------------------------------------------------------------
[debug] 
[debug] [2025-02-13T17:25:21.789Z] > command requires scopes: ["email","openid","https://www.googleapis.com/auth/cloudplatformprojects.readonly","https://www.googleapis.com/auth/firebase","https://www.googleapis.com/auth/cloud-platform"]
[debug] [2025-02-13T17:25:21.790Z] > authorizing via signed-in user (douglasaquino4@gmail.com)
[info] 
     ######## #### ########  ######## ########     ###     ######  ########
     ##        ##  ##     ## ##       ##     ##  ##   ##  ##       ##
     ######    ##  ########  ######   ########  #########  ######  ######
     ##        ##  ##    ##  ##       ##     ## ##     ##       ## ##
     ##       #### ##     ## ######## ########  ##     ##  ######  ########

You're about to initialize a Firebase project in this directory:

  C:\Users\dougl\Documents\Meus_Projetos\Projetos\AppCasa\app-da-casa

[info] 
=== Project Setup
[info] 
[info] First, let's associate this project directory with a Firebase project.
[info] You can create multiple project aliases by running firebase use --add, 
[info] but for now we'll just set up a default project.
[info] 
[debug] [2025-02-13T17:36:49.922Z] Checked if tokens are valid: true, expires at: 1739471017030
[debug] [2025-02-13T17:36:49.922Z] Checked if tokens are valid: true, expires at: 1739471017030
[debug] [2025-02-13T17:36:49.923Z] >>> [apiv2][query] GET https://firebase.googleapis.com/v1beta1/projects pageSize=100
[debug] [2025-02-13T17:36:50.662Z] <<< [apiv2][status] GET https://firebase.googleapis.com/v1beta1/projects 200
[debug] [2025-02-13T17:36:50.662Z] <<< [apiv2][body] GET https://firebase.googleapis.com/v1beta1/projects [omitted]
[info] i  Using project app-da-casa-16918 (app-da-casa) 
[info] 
=== Firestore Setup
[debug] [2025-02-13T17:36:52.975Z] Checked if tokens are valid: true, expires at: 1739471017030
[debug] [2025-02-13T17:36:52.975Z] Checked if tokens are valid: true, expires at: 1739471017030
[debug] [2025-02-13T17:36:52.975Z] >>> [apiv2][query] GET https://serviceusage.googleapis.com/v1/projects/app-da-casa-16918/services/firestore.googleapis.com [none]
[debug] [2025-02-13T17:36:52.976Z] >>> [apiv2][(partial)header] GET https://serviceusage.googleapis.com/v1/projects/app-da-casa-16918/services/firestore.googleapis.com x-goog-quota-user=projects/app-da-casa-16918
[debug] [2025-02-13T17:36:54.125Z] <<< [apiv2][status] GET https://serviceusage.googleapis.com/v1/projects/app-da-casa-16918/services/firestore.googleapis.com 200
[debug] [2025-02-13T17:36:54.125Z] <<< [apiv2][body] GET https://serviceusage.googleapis.com/v1/projects/app-da-casa-16918/services/firestore.googleapis.com [omitted]
[debug] [2025-02-13T17:36:54.126Z] Checked if tokens are valid: true, expires at: 1739471017030
[debug] [2025-02-13T17:36:54.126Z] Checked if tokens are valid: true, expires at: 1739471017030
[debug] [2025-02-13T17:36:54.126Z] >>> [apiv2][query] GET https://firestore.googleapis.com/v1/projects/app-da-casa-16918/databases/(default) [none]
[debug] [2025-02-13T17:36:55.464Z] <<< [apiv2][status] GET https://firestore.googleapis.com/v1/projects/app-da-casa-16918/databases/(default) 200
[debug] [2025-02-13T17:36:55.464Z] <<< [apiv2][body] GET https://firestore.googleapis.com/v1/projects/app-da-casa-16918/databases/(default) {"name":"projects/app-da-casa-16918/databases/(default)","uid":"06ee7f79-ed2e-43f6-8911-a0e603be99d0","createTime":"2025-02-13T17:25:08.064422Z","updateTime":"2025-02-13T17:25:08.064422Z","locationId":"nam5","type":"FIRESTORE_NATIVE","concurrencyMode":"PESSIMISTIC","versionRetentionPeriod":"3600s","earliestVersionTime":"2025-02-13T17:25:08.064422Z","appEngineIntegrationMode":"DISABLED","keyPrefix":"s","pointInTimeRecoveryEnablement":"POINT_IN_TIME_RECOVERY_DISABLED","deleteProtectionState":"DELETE_PROTECTION_DISABLED","databaseEdition":"STANDARD","etag":"IJ/I14iYwYsDMKbBqreVwYsD"}
[debug] [2025-02-13T17:36:55.464Z] database_type: FIRESTORE_NATIVE
[debug] [2025-02-13T17:36:55.464Z] database_type: FIRESTORE_NATIVE
[debug] [2025-02-13T17:36:55.464Z] > command requires scopes: ["email","openid","https://www.googleapis.com/auth/cloudplatformprojects.readonly","https://www.googleapis.com/auth/firebase","https://www.googleapis.com/auth/cloud-platform"]
[debug] [2025-02-13T17:36:55.464Z] > authorizing via signed-in user (douglasaquino4@gmail.com)
[debug] [2025-02-13T17:36:55.464Z] [iam] checking project app-da-casa-16918 for permissions ["firebase.projects.get"]
[debug] [2025-02-13T17:36:55.465Z] Checked if tokens are valid: true, expires at: 1739471017030
[debug] [2025-02-13T17:36:55.465Z] Checked if tokens are valid: true, expires at: 1739471017030
[debug] [2025-02-13T17:36:55.465Z] >>> [apiv2][query] POST https://cloudresourcemanager.googleapis.com/v1/projects/app-da-casa-16918:testIamPermissions [none]
[debug] [2025-02-13T17:36:55.465Z] >>> [apiv2][(partial)header] POST https://cloudresourcemanager.googleapis.com/v1/projects/app-da-casa-16918:testIamPermissions x-goog-quota-user=projects/app-da-casa-16918
[debug] [2025-02-13T17:36:55.465Z] >>> [apiv2][body] POST https://cloudresourcemanager.googleapis.com/v1/projects/app-da-casa-16918:testIamPermissions {"permissions":["firebase.projects.get"]}
[debug] [2025-02-13T17:36:56.442Z] <<< [apiv2][status] POST https://cloudresourcemanager.googleapis.com/v1/projects/app-da-casa-16918:testIamPermissions 200
[debug] [2025-02-13T17:36:56.442Z] <<< [apiv2][body] POST https://cloudresourcemanager.googleapis.com/v1/projects/app-da-casa-16918:testIamPermissions {"permissions":["firebase.projects.get"]}
[info] 
[info] Firestore Security Rules allow you to define how and when to allow
[info] requests. You can keep these rules in your project directory
[info] and publish them with firebase deploy.
[info] 
[debug] [2025-02-13T17:37:00.537Z] Checked if tokens are valid: true, expires at: 1739471017030
[debug] [2025-02-13T17:37:00.537Z] Checked if tokens are valid: true, expires at: 1739471017030
[debug] [2025-02-13T17:37:00.537Z] >>> [apiv2][query] GET https://firebaserules.googleapis.com/v1/projects/app-da-casa-16918/releases pageSize=10&pageToken=
[debug] [2025-02-13T17:37:01.664Z] <<< [apiv2][status] GET https://firebaserules.googleapis.com/v1/projects/app-da-casa-16918/releases 200
[debug] [2025-02-13T17:37:01.664Z] <<< [apiv2][body] GET https://firebaserules.googleapis.com/v1/projects/app-da-casa-16918/releases {"releases":[{"name":"projects/app-da-casa-16918/releases/cloud.firestore","rulesetName":"projects/app-da-casa-16918/rulesets/05fc49a9-4613-4423-bcf6-e5ee4a4bad41","createTime":"2025-02-13T17:25:13.095950Z","updateTime":"2025-02-13T17:25:13.095950Z"}]}
[debug] [2025-02-13T17:37:01.665Z] Found ruleset: projects/app-da-casa-16918/rulesets/05fc49a9-4613-4423-bcf6-e5ee4a4bad41
[debug] [2025-02-13T17:37:01.665Z] Checked if tokens are valid: true, expires at: 1739471017030
[debug] [2025-02-13T17:37:01.665Z] Checked if tokens are valid: true, expires at: 1739471017030
[debug] [2025-02-13T17:37:01.665Z] >>> [apiv2][query] GET https://firebaserules.googleapis.com/v1/projects/app-da-casa-16918/rulesets/05fc49a9-4613-4423-bcf6-e5ee4a4bad41 [none]
[debug] [2025-02-13T17:37:01.917Z] <<< [apiv2][status] GET https://firebaserules.googleapis.com/v1/projects/app-da-casa-16918/rulesets/05fc49a9-4613-4423-bcf6-e5ee4a4bad41 200
[debug] [2025-02-13T17:37:01.917Z] <<< [apiv2][body] GET https://firebaserules.googleapis.com/v1/projects/app-da-casa-16918/rulesets/05fc49a9-4613-4423-bcf6-e5ee4a4bad41 [omitted]
[info] 
[info] Firestore indexes allow you to perform complex queries while
[info] maintaining performance that scales with the size of the result
[info] set. You can keep index definitions in your project directory
[info] and publish them with firebase deploy.
[info] 
[debug] [2025-02-13T17:37:04.912Z] Checked if tokens are valid: true, expires at: 1739471017030
[debug] [2025-02-13T17:37:04.912Z] Checked if tokens are valid: true, expires at: 1739471017030
[debug] [2025-02-13T17:37:04.912Z] Checked if tokens are valid: true, expires at: 1739471017030
[debug] [2025-02-13T17:37:04.913Z] Checked if tokens are valid: true, expires at: 1739471017030
[debug] [2025-02-13T17:37:04.913Z] >>> [apiv2][query] GET https://firestore.googleapis.com/v1/projects/app-da-casa-16918/databases/(default)/collectionGroups/-/indexes [none]
[debug] [2025-02-13T17:37:04.914Z] >>> [apiv2][query] GET https://firestore.googleapis.com/v1/projects/app-da-casa-16918/databases/(default)/collectionGroups/-/fields?filter=indexConfig.usesAncestorConfig=false OR ttlConfig:* [none]
[debug] [2025-02-13T17:37:05.927Z] <<< [apiv2][status] GET https://firestore.googleapis.com/v1/projects/app-da-casa-16918/databases/(default)/collectionGroups/-/indexes 200
[debug] [2025-02-13T17:37:05.927Z] <<< [apiv2][body] GET https://firestore.googleapis.com/v1/projects/app-da-casa-16918/databases/(default)/collectionGroups/-/indexes {}
[debug] [2025-02-13T17:37:06.053Z] <<< [apiv2][status] GET https://firestore.googleapis.com/v1/projects/app-da-casa-16918/databases/(default)/collectionGroups/-/fields?filter=indexConfig.usesAncestorConfig=false OR ttlConfig:* 200
[debug] [2025-02-13T17:37:06.053Z] <<< [apiv2][body] GET https://firestore.googleapis.com/v1/projects/app-da-casa-16918/databases/(default)/collectionGroups/-/fields?filter=indexConfig.usesAncestorConfig=false OR ttlConfig:* {"fields":[{"name":"projects/app-da-casa-16918/databases/(default)/collectionGroups/__default__/fields/*","indexConfig":{"indexes":[{"queryScope":"COLLECTION","fields":[{"fieldPath":"*","order":"ASCENDING"}],"state":"READY"},{"queryScope":"COLLECTION","fields":[{"fieldPath":"*","order":"DESCENDING"}],"state":"READY"},{"queryScope":"COLLECTION","fields":[{"fieldPath":"*","arrayConfig":"CONTAINS"}],"state":"READY"}]}}]}
[info] 
=== Functions Setup
[debug] [2025-02-13T17:37:06.055Z] > command requires scopes: ["email","openid","https://www.googleapis.com/auth/cloudplatformprojects.readonly","https://www.googleapis.com/auth/firebase","https://www.googleapis.com/auth/cloud-platform"]
[debug] [2025-02-13T17:37:06.055Z] > authorizing via signed-in user (douglasaquino4@gmail.com)
[debug] [2025-02-13T17:37:06.055Z] [iam] checking project app-da-casa-16918 for permissions ["firebase.projects.get"]
[debug] [2025-02-13T17:37:06.055Z] Checked if tokens are valid: true, expires at: 1739471017030
[debug] [2025-02-13T17:37:06.055Z] Checked if tokens are valid: true, expires at: 1739471017030
[debug] [2025-02-13T17:37:06.056Z] >>> [apiv2][query] POST https://cloudresourcemanager.googleapis.com/v1/projects/app-da-casa-16918:testIamPermissions [none]
[debug] [2025-02-13T17:37:06.056Z] >>> [apiv2][(partial)header] POST https://cloudresourcemanager.googleapis.com/v1/projects/app-da-casa-16918:testIamPermissions x-goog-quota-user=projects/app-da-casa-16918
[debug] [2025-02-13T17:37:06.056Z] >>> [apiv2][body] POST https://cloudresourcemanager.googleapis.com/v1/projects/app-da-casa-16918:testIamPermissions {"permissions":["firebase.projects.get"]}
[debug] [2025-02-13T17:37:06.924Z] <<< [apiv2][status] POST https://cloudresourcemanager.googleapis.com/v1/projects/app-da-casa-16918:testIamPermissions 200
[debug] [2025-02-13T17:37:06.925Z] <<< [apiv2][body] POST https://cloudresourcemanager.googleapis.com/v1/projects/app-da-casa-16918:testIamPermissions {"permissions":["firebase.projects.get"]}
[debug] [2025-02-13T17:37:06.925Z] Checked if tokens are valid: true, expires at: 1739471017030
[debug] [2025-02-13T17:37:06.925Z] Checked if tokens are valid: true, expires at: 1739471017030
[debug] [2025-02-13T17:37:06.925Z] Checked if tokens are valid: true, expires at: 1739471017030
[debug] [2025-02-13T17:37:06.925Z] Checked if tokens are valid: true, expires at: 1739471017030
[debug] [2025-02-13T17:37:06.925Z] >>> [apiv2][query] GET https://serviceusage.googleapis.com/v1/projects/app-da-casa-16918/services/cloudfunctions.googleapis.com [none]
[debug] [2025-02-13T17:37:06.925Z] >>> [apiv2][(partial)header] GET https://serviceusage.googleapis.com/v1/projects/app-da-casa-16918/services/cloudfunctions.googleapis.com x-goog-quota-user=projects/app-da-casa-16918
[debug] [2025-02-13T17:37:06.928Z] >>> [apiv2][query] GET https://serviceusage.googleapis.com/v1/projects/app-da-casa-16918/services/runtimeconfig.googleapis.com [none]
[debug] [2025-02-13T17:37:06.928Z] >>> [apiv2][(partial)header] GET https://serviceusage.googleapis.com/v1/projects/app-da-casa-16918/services/runtimeconfig.googleapis.com x-goog-quota-user=projects/app-da-casa-16918
[debug] [2025-02-13T17:37:07.977Z] <<< [apiv2][status] GET https://serviceusage.googleapis.com/v1/projects/app-da-casa-16918/services/cloudfunctions.googleapis.com 200
[debug] [2025-02-13T17:37:07.977Z] <<< [apiv2][body] GET https://serviceusage.googleapis.com/v1/projects/app-da-casa-16918/services/cloudfunctions.googleapis.com [omitted]
[debug] [2025-02-13T17:37:07.978Z] Checked if tokens are valid: true, expires at: 1739471017030
[debug] [2025-02-13T17:37:07.978Z] Checked if tokens are valid: true, expires at: 1739471017030
[debug] [2025-02-13T17:37:07.978Z] >>> [apiv2][query] POST https://serviceusage.googleapis.com/v1/projects/app-da-casa-16918/services/cloudfunctions.googleapis.com:enable [none]
[debug] [2025-02-13T17:37:07.978Z] >>> [apiv2][(partial)header] POST https://serviceusage.googleapis.com/v1/projects/app-da-casa-16918/services/cloudfunctions.googleapis.com:enable x-goog-quota-user=projects/app-da-casa-16918
[debug] [2025-02-13T17:37:07.980Z] <<< [apiv2][status] GET https://serviceusage.googleapis.com/v1/projects/app-da-casa-16918/services/runtimeconfig.googleapis.com 200
[debug] [2025-02-13T17:37:07.980Z] <<< [apiv2][body] GET https://serviceusage.googleapis.com/v1/projects/app-da-casa-16918/services/runtimeconfig.googleapis.com [omitted]
[debug] [2025-02-13T17:37:09.201Z] <<< [apiv2][status] POST https://serviceusage.googleapis.com/v1/projects/app-da-casa-16918/services/cloudfunctions.googleapis.com:enable 200
[debug] [2025-02-13T17:37:09.202Z] <<< [apiv2][body] POST https://serviceusage.googleapis.com/v1/projects/app-da-casa-16918/services/cloudfunctions.googleapis.com:enable [omitted]
[debug] [2025-02-13T17:37:19.208Z] Checked if tokens are valid: true, expires at: 1739471017030
[debug] [2025-02-13T17:37:19.209Z] Checked if tokens are valid: true, expires at: 1739471017030
[debug] [2025-02-13T17:37:19.209Z] >>> [apiv2][query] GET https://serviceusage.googleapis.com/v1/projects/app-da-casa-16918/services/cloudfunctions.googleapis.com [none]
[debug] [2025-02-13T17:37:19.209Z] >>> [apiv2][(partial)header] GET https://serviceusage.googleapis.com/v1/projects/app-da-casa-16918/services/cloudfunctions.googleapis.com x-goog-quota-user=projects/app-da-casa-16918
[debug] [2025-02-13T17:37:20.241Z] <<< [apiv2][status] GET https://serviceusage.googleapis.com/v1/projects/app-da-casa-16918/services/cloudfunctions.googleapis.com 200
[debug] [2025-02-13T17:37:20.242Z] <<< [apiv2][body] GET https://serviceusage.googleapis.com/v1/projects/app-da-casa-16918/services/cloudfunctions.googleapis.com [omitted]
[info] Let's create a new codebase for your functions.
[info] A directory corresponding to the codebase will be created in your project
[info] with sample code pre-configured.

[info] See https://firebase.google.com/docs/functions/organize-functions for
[info] more information on organizing your functions using codebases.

[info] Functions can be deployed with firebase deploy.

[info] +  Wrote functions/requirements.txt 
[info] +  Wrote functions/.gitignore 
[info] +  Wrote functions/main.py 
[debug] [2025-02-13T17:37:43.950Z] Running command with virtualenv: command="C:\Users\dougl\Documents\Meus_Projetos\Projetos\AppCasa\app-da-casa\functions\venv\Scripts\activate.bat", args=["","&&","pip3","install","--upgrade","pip"]
[debug] [2025-02-13T17:37:45.610Z] Error: spawn "C:\Users\dougl\Documents\Meus_Projetos\Projetos\AppCasa\app-da-casa\functions\venv\Scripts\activate.bat" ENOENT
    at notFoundError (C:\Users\dougl\AppData\Roaming\npm\node_modules\firebase-tools\node_modules\cross-spawn\lib\enoent.js:6:26)
    at verifyENOENT (C:\Users\dougl\AppData\Roaming\npm\node_modules\firebase-tools\node_modules\cross-spawn\lib\enoent.js:40:16)
    at cp.emit (C:\Users\dougl\AppData\Roaming\npm\node_modules\firebase-tools\node_modules\cross-spawn\lib\enoent.js:27:25)
    at ChildProcess._handle.onexit (node:internal/child_process:293:12)
[error] 
[error] Error: An unexpected error has occurred.
